# Activity Log

> Real-time tool call logging from stream-parser.


═══════════════════════════════════════════════════════════════
Ralph Session Started: Fri Feb 27 22:41:35 CST 2026
═══════════════════════════════════════════════════════════════
[22:41:37] 🟢 SESSION START: model=Auto
[22:41:45] 🟢 READ /Users/vitalyrodnenko/Projects/OmnifocusMCP/.ralph/guardrails.md (28 lines, ~2.7KB)
[22:41:45] 🟢 READ /Users/vitalyrodnenko/Projects/OmnifocusMCP/.ralph/progress.md (43 lines, ~4.1KB)
[22:41:45] 🟢 READ /Users/vitalyrodnenko/Projects/OmnifocusMCP/RALPH_TASK.md (367 lines, ~35.8KB)
[22:41:45] 🟢 READ /Users/vitalyrodnenko/Projects/OmnifocusMCP/.ralph/errors.log (5 lines, ~.4KB)
[22:41:47] 🟢 READ /Users/vitalyrodnenko/Projects/OmnifocusMCP/.ralph/activity.log (14 lines, ~1.3KB)
[22:41:50] 🟢 SHELL ls -la → exit 0
[22:41:54] 🟢 READ /Users/vitalyrodnenko/Projects/OmnifocusMCP/.gitignore (3 lines, ~.2KB)
[22:42:01] 🟢 SHELL mkdir -p python typescript → exit 0
[22:42:05] 🟢 TOKENS: 12427 / 80000 (15%) [read:44KB write:0KB assist:0KB shell:0KB]
[22:42:15] 🟢 SHELL git log --oneline -n 3 → exit 0
[22:42:16] 🟢 SHELL git status --short → exit 0
[22:42:19] 🟢 SHELL ls -la "python" && ls -la "typescript" → exit 0
[22:42:35] 🟢 TOKENS: 12531 / 80000 (15%) [read:44KB write:0KB assist:1KB shell:0KB]
[22:42:36] 🟢 SHELL cd python && ruff check src/ && mypy src/ --strict && pytest tests/ -v && cd ../typescript && npx tsc --noEmit && npm test → exit 0
[22:42:43] 🟢 SHELL git status --short → exit 0
[22:42:43] 🟢 SHELL git diff -- . ':(exclude).ralph/activity.log' → exit 0
[22:42:44] 🟢 SHELL git log --oneline -n 5 → exit 0
[22:42:49] 🟢 SHELL git add .gitignore README.md RALPH_TASK.md .ralph/progress.md python/.gitkeep typescript/.gitkeep && git commit --trailer "Made-with: Cursor" -m "$(cat <<'EOF'
ralph: complete phase 1 scaffolding baseline

Set up the initial monorepo structure and documentation so both implementations can be developed in parallel from a clean baseline. This also records phase progress by checking off criteria 1-3 and updating Ralph state tracking.
EOF
)" && git status --short → exit 0
[22:42:58] 🟢 SHELL ls -la "python" → exit 0
[22:43:03] 🟢 SHELL mkdir -p python/src/omnifocus_mcp python/tests → exit 0
[22:43:05] 🟢 TOKENS: 12592 / 80000 (15%) [read:44KB write:0KB assist:1KB shell:0KB]
[22:43:16] 🟢 SHELL git status --short → exit 0
[22:43:31] 🟢 SHELL cd python && ruff check src/ && mypy src/ --strict && pytest tests/ -v && cd ../typescript && npx tsc --noEmit && npm test → exit 0
[22:43:34] 🟢 SHELL git status --short → exit 0
[22:43:34] 🟢 SHELL git diff -- . ':(exclude).ralph/activity.log' → exit 0
[22:43:34] 🟢 SHELL git log --oneline -n 5 → exit 0
[22:43:37] 🟢 TOKENS: 12627 / 80000 (15%) [read:44KB write:0KB assist:1KB shell:0KB]
[22:43:38] 🟢 SHELL git add RALPH_TASK.md .ralph/progress.md python/pyproject.toml python/README.md python/src/omnifocus_mcp/__init__.py python/.gitkeep && git commit --trailer "Made-with: Cursor" -m "$(cat <<'EOF'
ralph: scaffold python packaging and mark criterion 4

Set up the Python package metadata and src-layout needed for editable installs with runtime and dev dependencies. This advances Ralph tracking by checking off criterion 4 and recording the phase 2 kickoff.
EOF
)" && git status --short → exit 0
[22:43:41] 🟢 SHELL git push → exit 0
[22:43:44] 🟢 SHELL git push -u origin feature/mvp → exit 0
[22:44:10] 🟢 TOKENS: 12713 / 80000 (15%) [read:44KB write:0KB assist:1KB shell:0KB]
[22:44:19] 🟢 SHELL cd python && ruff check src/ && mypy src/ --strict && pytest tests/ -v && cd ../typescript && npx tsc --noEmit && npm test → exit 0
[22:44:23] 🟢 READ /Users/vitalyrodnenko/Projects/OmnifocusMCP/python/pyproject.toml (28 lines, ~2.7KB)
[22:44:37] 🟢 SHELL cd python && ruff check src/ && mypy src/ --strict && pytest tests/ -v && cd ../typescript && npx tsc --noEmit && npm test → exit 0
[22:44:44] 🟢 TOKENS: 13459 / 80000 (16%) [read:47KB write:0KB assist:1KB shell:0KB]
[22:44:59] 🟢 SHELL cd python && ruff check src/ && mypy src/ --strict && pytest tests/ -v && cd ../typescript && npx tsc --noEmit && npm test → exit 0
[22:45:02] 🟢 SHELL git status --short → exit 0
[22:45:02] 🟢 SHELL git log --oneline -n 5 → exit 0
[22:45:02] 🟢 SHELL git diff -- . ':(exclude).ralph/activity.log' → exit 0
[22:45:05] 🟢 SHELL git add RALPH_TASK.md .ralph/progress.md python/src/omnifocus_mcp/jxa.py python/src/omnifocus_mcp/server.py python/src/omnifocus_mcp/__main__.py && git commit --trailer "Made-with: Cursor" -m "$(cat <<'EOF'
ralph: implement python jxa layer and ping server

Add the core JXA execution utilities with timeout, JSON parsing, OmniJS bridging, and escaped string interpolation, then wire a minimal FastMCP server entrypoint with a ping tool. This advances phase 2 by completing criteria 5-10 and records progress state.
EOF
)" && git status --short → exit 0
[22:45:23] 🟢 TOKENS: 13520 / 80000 (16%) [read:47KB write:0KB assist:2KB shell:0KB]
[22:45:51] 🟢 SHELL cd python && ruff check src/ && mypy src/ --strict && pytest tests/ -v && cd ../typescript && npx tsc --noEmit && npm test → exit 0
[22:45:53] 🟢 TOKENS: 13578 / 80000 (16%) [read:47KB write:0KB assist:2KB shell:0KB]
[22:46:10] 🟢 SHELL ls -la "typescript" → exit 0
[22:46:13] 🟢 SHELL mkdir -p typescript/src → exit 0
[22:46:23] 🟢 TOKENS: 13647 / 80000 (17%) [read:47KB write:0KB assist:2KB shell:0KB]
[22:46:29] 🟢 SHELL npm install → exit 0
[22:46:35] 🟢 SHELL cd python && ruff check src/ && mypy src/ --strict && pytest tests/ -v && cd ../typescript && npx tsc --noEmit && npm test → exit 0
[22:46:51] 🟢 SHELL git diff -- . ':(exclude).ralph/activity.log' → exit 0
[22:46:51] 🟢 SHELL git status --short → exit 0
[22:46:51] 🟢 SHELL git log --oneline -n 5 → exit 0
[22:46:53] 🟢 TOKENS: 13647 / 80000 (17%) [read:47KB write:0KB assist:2KB shell:0KB]
[22:46:55] 🟢 SHELL git add RALPH_TASK.md .ralph/progress.md python/pyproject.toml python/tests/conftest.py python/tests/test_jxa.py python/tests/test_errors.py python/tests/test_parsing.py typescript/.gitkeep typescript/package.json typescript/package-lock.json typescript/tsconfig.json typescript/src/index.ts && git commit --trailer "Made-with: Cursor" -m "$(cat <<'EOF'
ralph: add phase 2 tests and satisfy full check command

Add mocked Python JXA tests for escaping, parsing, and subprocess error handling, then bootstrap a minimal TypeScript toolchain so the shared Ralph check command succeeds end-to-end. This completes phase 2 criteria 11-15 and updates tracked progress.
EOF
)" && git status --short → exit 0
[22:46:58] 🟢 SHELL git push → exit 0
[22:47:03] 🟢 SHELL git status --short → exit 0
[22:47:13] 🟢 SESSION END: 335632ms, ~14211 tokens used
[22:47:13] 🟢 TOKENS: 14211 / 80000 (17%) [read:47KB write:0KB assist:4KB shell:0KB]

═══════════════════════════════════════════════════════════════
Ralph Session Started: Fri Feb 27 22:47:17 CST 2026
═══════════════════════════════════════════════════════════════
[22:47:22] 🟢 SESSION START: model=Auto
[22:47:27] 🟢 READ /Users/vitalyrodnenko/Projects/OmnifocusMCP/.ralph/progress.md (116 lines, ~11.3KB)
[22:47:27] 🟢 READ /Users/vitalyrodnenko/Projects/OmnifocusMCP/RALPH_TASK.md (367 lines, ~35.8KB)
[22:47:31] 🟢 READ /Users/vitalyrodnenko/Projects/OmnifocusMCP/.ralph/guardrails.md (28 lines, ~2.7KB)
[22:47:31] 🟢 READ /Users/vitalyrodnenko/Projects/OmnifocusMCP/.ralph/errors.log (5 lines, ~.4KB)
[22:47:31] 🟢 READ /Users/vitalyrodnenko/Projects/OmnifocusMCP/.ralph/tasks.yaml (535 lines, ~52.2KB)
[22:47:35] 🟢 READ /Users/vitalyrodnenko/Projects/OmnifocusMCP/python/src/omnifocus_mcp/server.py (19 lines, ~1.8KB)
[22:47:35] 🟢 READ /Users/vitalyrodnenko/Projects/OmnifocusMCP/python/src/omnifocus_mcp/jxa.py (102 lines, ~9.9KB)
[22:47:35] 🟢 READ /Users/vitalyrodnenko/Projects/OmnifocusMCP/python/tests/conftest.py (30 lines, ~2.9KB)
[22:47:38] 🟢 READ /Users/vitalyrodnenko/Projects/OmnifocusMCP/python/src/omnifocus_mcp/__main__.py (10 lines, ~.9KB)
[22:47:38] 🟢 READ /Users/vitalyrodnenko/Projects/OmnifocusMCP/python/src/omnifocus_mcp/__init__.py (3 lines, ~.2KB)
[22:47:38] 🟢 READ /Users/vitalyrodnenko/Projects/OmnifocusMCP/python/tests/test_jxa.py (23 lines, ~2.2KB)
[22:47:40] 🟢 READ /Users/vitalyrodnenko/Projects/OmnifocusMCP/python/pyproject.toml (31 lines, ~3.0KB)
[22:47:53] 🟢 TOKENS: 32629 / 80000 (40%) [read:123KB write:0KB assist:0KB shell:0KB]
[22:48:03] 🟢 SHELL cd python && ruff check src/ && mypy src/ --strict && pytest tests/ -v && cd ../typescript && npx tsc --noEmit && npm test → exit 0
[22:48:10] 🟢 READ /Users/vitalyrodnenko/Projects/OmnifocusMCP/.ralph/progress.md (116 lines, ~11.3KB)
[22:48:11] 🟢 READ /Users/vitalyrodnenko/Projects/OmnifocusMCP/.ralph/progress.md (116 lines, ~11.3KB)
[22:48:14] 🟢 SHELL date '+%Y-%m-%d %H:%M:%S' → exit 0
[22:48:22] 🟢 SHELL git status --short → exit 0
[22:48:22] 🟢 SHELL git diff -- . ':(exclude).ralph/activity.log' → exit 0
[22:48:23] 🟢 SHELL git log -5 --oneline → exit 0
[22:48:23] 🟢 TOKENS: 38593 / 80000 (48%) [read:146KB write:0KB assist:1KB shell:0KB]
[22:48:28] 🟢 SHELL git add RALPH_TASK.md .ralph/progress.md python/src/omnifocus_mcp/server.py && git commit --trailer "Made-with: Cursor" -m "$(cat <<'EOF'
ralph: add get_inbox tool for phase 3

Implement the first read tool to return inbox task fields via OmniJS with limit validation, then mark criterion 16 complete and record iteration progress.
EOF
)" && git status --short → exit 0
[22:48:35] 🟢 SHELL git show --name-only --pretty='' HEAD → exit 0
[22:48:35] 🟢 SHELL git status --short → exit 0
[22:48:58] 🟢 TOKENS: 38643 / 80000 (48%) [read:146KB write:0KB assist:1KB shell:0KB]
[22:49:03] 🟢 SHELL cd python && ruff check src/ && mypy src/ --strict && pytest tests/ -v && cd ../typescript && npx tsc --noEmit && npm test → exit 0
[22:49:08] 🟢 SHELL date '+%Y-%m-%d %H:%M:%S' → exit 0
[22:49:16] 🟢 SHELL git status --short → exit 0
[22:49:16] 🟢 SHELL git diff -- . ':(exclude).ralph/activity.log' → exit 0
[22:49:16] 🟢 SHELL git log -5 --oneline → exit 0
[22:49:18] 🟢 SHELL git add RALPH_TASK.md .ralph/progress.md python/src/omnifocus_mcp/server.py && git commit --trailer "Made-with: Cursor" -m "$(cat <<'EOF'
ralph: implement list_tasks read tool

Add list_tasks with project/tag/flagged/status filtering and required task fields, then mark criterion 17 complete and record progress for the next checkpoint.
EOF
)" && git status --short → exit 0
[22:49:24] 🟢 SHELL git push → exit 0
[22:49:29] 🟢 TOKENS: 38725 / 80000 (48%) [read:146KB write:0KB assist:1KB shell:0KB]
[22:49:39] 🟢 SHELL cd python && ruff check src/ && mypy src/ --strict && pytest tests/ -v && cd ../typescript && npx tsc --noEmit && npm test → exit 0
[22:49:45] 🟢 SHELL date '+%Y-%m-%d %H:%M:%S' → exit 0
[22:49:53] 🟢 SHELL git status --short → exit 0
[22:49:53] 🟢 SHELL git diff -- . ':(exclude).ralph/activity.log' → exit 0
[22:49:53] 🟢 SHELL git log -5 --oneline → exit 0
[22:49:56] 🟢 SHELL git add RALPH_TASK.md .ralph/progress.md python/src/omnifocus_mcp/server.py && git commit --trailer "Made-with: Cursor" -m "$(cat <<'EOF'
ralph: add get_task detail read tool

Implement get_task with safe id handling and full task detail fields, then mark criterion 18 complete and update progress with the next target.
EOF
)" && git status --short → exit 0
[22:50:03] 🟢 TOKENS: 38816 / 80000 (48%) [read:146KB write:0KB assist:2KB shell:0KB]
[22:50:12] 🟢 SHELL cd python && ruff check src/ && mypy src/ --strict && pytest tests/ -v && cd ../typescript && npx tsc --noEmit && npm test → exit 0
[22:50:17] 🟢 SHELL date '+%Y-%m-%d %H:%M:%S' → exit 0
[22:50:25] 🟢 SHELL git diff -- . ':(exclude).ralph/activity.log' → exit 0
[22:50:25] 🟢 SHELL git log -5 --oneline → exit 0
[22:50:26] 🟢 SHELL git status --short → exit 0
[22:50:29] 🟢 SHELL git add RALPH_TASK.md .ralph/progress.md python/src/omnifocus_mcp/server.py && git commit --trailer "Made-with: Cursor" -m "$(cat <<'EOF'
ralph: implement search_tasks query tool

Add search_tasks with case-insensitive name/note filtering and limit validation, then mark criterion 19 complete and advance phase 3 progress tracking.
EOF
)" && git status --short → exit 0
[22:50:32] 🟢 SHELL git push → exit 0
[22:50:34] 🟢 TOKENS: 38892 / 80000 (48%) [read:146KB write:0KB assist:2KB shell:0KB]
[22:50:38] 🟢 SESSION END: 195154ms, ~39188 tokens used
[22:50:38] 🟢 TOKENS: 39188 / 80000 (48%) [read:146KB write:0KB assist:3KB shell:0KB]

═══════════════════════════════════════════════════════════════
Ralph Session Started: Fri Feb 27 22:50:41 CST 2026
═══════════════════════════════════════════════════════════════
